{
  "stats": {
    "suites": 5,
    "tests": 18,
    "passes": 18,
    "pending": 0,
    "failures": 0,
    "start": "2022-11-23T20:43:14.847Z",
    "end": "2022-11-23T20:45:40.480Z",
    "duration": 145633,
    "testsRegistered": 18,
    "passPercent": 100,
    "pendingPercent": 0,
    "other": 0,
    "hasOther": false,
    "skipped": 0,
    "hasSkipped": false
  },
  "results": [
    {
      "uuid": "45bb49e9-b02d-4e3a-88b5-7a6d31e1d761",
      "title": "",
      "fullFile": "cypress\\e2e\\adidas_Auto_excersise\\adidas_Auto_excersise.cy.js",
      "file": "cypress\\e2e\\adidas_Auto_excersise\\adidas_Auto_excersise.cy.js",
      "beforeHooks": [],
      "afterHooks": [],
      "tests": [],
      "suites": [
        {
          "uuid": "15dd8123-67ca-49e9-8de5-2951fa2f0992",
          "title": "Sadagopan First Question Cypress API Test For Adidas Assesment-GET API Call ",
          "fullFile": "",
          "file": "",
          "beforeHooks": [],
          "afterHooks": [],
          "tests": [
            {
              "title": "Visits the GET API URL for fetching available Pets and then verify the 200 response code",
              "fullTitle": "Sadagopan First Question Cypress API Test For Adidas Assesment-GET API Call  Visits the GET API URL for fetching available Pets and then verify the 200 response code",
              "timedOut": null,
              "duration": 5854,
              "state": "passed",
              "speed": "medium",
              "pass": true,
              "fail": false,
              "pending": false,
              "context": null,
              "code": "//The request missed important two input param in body one is brand and other one is locale.\ncy.request({\n  method: 'GET',\n  url: postURLcontry + '/v2/pet/findByStatus?status=available',\n  form: true\n}).then(response => {\n  //Verifying the status code\n  expect(response.status).to.eq(200); //write the response in the fixture folder\n  cy.writeFile('cypress/fixtures/responseGet.json', response.body); //verify the availble pets status from the response\n  expect(JSON.stringify(response.body)).contains('available');\n});",
              "err": {},
              "uuid": "327fb9fd-61a2-4517-8f4c-426ad56fcd5f",
              "parentUUID": "15dd8123-67ca-49e9-8de5-2951fa2f0992",
              "isHook": false,
              "skipped": false
            },
            {
              "title": "Assert all pets having status available from the response",
              "fullTitle": "Sadagopan First Question Cypress API Test For Adidas Assesment-GET API Call  Assert all pets having status available from the response",
              "timedOut": null,
              "duration": 11343,
              "state": "passed",
              "speed": "slow",
              "pass": true,
              "fail": false,
              "pending": false,
              "context": null,
              "code": "cy.fixture('responseGet.json').then(data => {\n  // iterate using for loop and verify all the pet status should be equal to Available.\n  for (var index in data) {\n    if (data[index].status === 'available') {\n      expect(data[index].status).to.deep.equal('available');\n    } else {\n      //if there is any of the pet status other then available then print the id of the Pets.\n      assert.isOk(data[index].id, 'Pet status other then available and the ID of non available Pet');\n    }\n  }\n});",
              "err": {},
              "uuid": "941d0db5-c926-4810-82d1-5814d569a7cc",
              "parentUUID": "15dd8123-67ca-49e9-8de5-2951fa2f0992",
              "isHook": false,
              "skipped": false
            }
          ],
          "suites": [],
          "passes": [
            "327fb9fd-61a2-4517-8f4c-426ad56fcd5f",
            "941d0db5-c926-4810-82d1-5814d569a7cc"
          ],
          "failures": [],
          "pending": [],
          "skipped": [],
          "duration": 17197,
          "root": false,
          "rootEmpty": false,
          "_timeout": 2000
        },
        {
          "uuid": "6ff00574-2224-4406-afea-4b1a7aa1b19d",
          "title": "Sadagopan First Question Cypress API Test For Adidas Assesment-POST API call ",
          "fullFile": "",
          "file": "",
          "beforeHooks": [],
          "afterHooks": [],
          "tests": [
            {
              "title": "Post a new available pet to the store - Verify 200 status code ",
              "fullTitle": "Sadagopan First Question Cypress API Test For Adidas Assesment-POST API call  Post a new available pet to the store - Verify 200 status code ",
              "timedOut": null,
              "duration": 628,
              "state": "passed",
              "speed": "fast",
              "pass": true,
              "fail": false,
              "pending": false,
              "context": null,
              "code": "//The request missed important two input param in body one is brand and other one is locale.\ncy.request({\n  method: 'POST',\n  url: postURLcontry + '/v2/pet',\n  headers: {\n    \"Content-Type\": \"application/json; charset=utf8\",\n    \"accept\": \"application/json\"\n  },\n  body: {\n    //in the body placing the required param from a test data json file available in fixture folder.\n    \"id\": _apiTestdata.default.id_post,\n    \"category\": {\n      \"id\": 0,\n      \"name\": \"string\"\n    },\n    \"name\": _apiTestdata.default.petname_post,\n    \"photoUrls\": [\"string\"],\n    \"tags\": [{\n      \"id\": 0,\n      \"name\": \"string\"\n    }],\n    \"status\": _apiTestdata.default.status_post\n  }\n}).then(response => {\n  //Verifying the status code\n  expect(response.status).to.eq(200); //write the response in the fixture folder\n  cy.writeFile('cypress/fixtures/responsePost.json', response.body);\n  fullbody = JSON.stringify(response.body);\n});",
              "err": {},
              "uuid": "425239c8-00ec-4344-ab48-81245f6ef06f",
              "parentUUID": "6ff00574-2224-4406-afea-4b1a7aa1b19d",
              "isHook": false,
              "skipped": false
            },
            {
              "title": "From the response Assert new pet added  ",
              "fullTitle": "Sadagopan First Question Cypress API Test For Adidas Assesment-POST API call  From the response Assert new pet added  ",
              "timedOut": null,
              "duration": 421,
              "state": "passed",
              "speed": "fast",
              "pass": true,
              "fail": false,
              "pending": false,
              "context": null,
              "code": "//verify the availble pets status from the response\nexpect(fullbody).contains(_apiTestdata.default.id_post);",
              "err": {},
              "uuid": "bb574eae-519e-488f-9762-ae86ae6962b0",
              "parentUUID": "6ff00574-2224-4406-afea-4b1a7aa1b19d",
              "isHook": false,
              "skipped": false
            }
          ],
          "suites": [],
          "passes": [
            "425239c8-00ec-4344-ab48-81245f6ef06f",
            "bb574eae-519e-488f-9762-ae86ae6962b0"
          ],
          "failures": [],
          "pending": [],
          "skipped": [],
          "duration": 1049,
          "root": false,
          "rootEmpty": false,
          "_timeout": 2000
        },
        {
          "uuid": "32b7fb00-e427-40e4-a98a-e0126777d9b6",
          "title": "Sadagopan First Question Cypress API Test For Adidas Assesment-POST API call For update ",
          "fullFile": "",
          "file": "",
          "beforeHooks": [],
          "afterHooks": [],
          "tests": [
            {
              "title": "update a new available pet in the store - Verify 200 status code ",
              "fullTitle": "Sadagopan First Question Cypress API Test For Adidas Assesment-POST API call For update  update a new available pet in the store - Verify 200 status code ",
              "timedOut": null,
              "duration": 5873,
              "state": "passed",
              "speed": "medium",
              "pass": true,
              "fail": false,
              "pending": false,
              "context": null,
              "code": "//The request missed important two input param in body one is brand and other one is locale.\ncy.request({\n  method: 'PUT',\n  url: postURLcontry + '/v2/pet/',\n  body: {\n    //in the body placing the required param from a test data json file available in fixture folder for update.\n    \"id\": _apiTestdata.default.id_post,\n    \"category\": {\n      \"id\": 0,\n      \"name\": \"string\"\n    },\n    \"name\": _apiTestdata.default.petname_update_post,\n    \"photoUrls\": [\"string\"],\n    \"tags\": [{\n      \"id\": 0,\n      \"name\": \"string\"\n    }],\n    \"status\": _apiTestdata.default.pet_status_update_post\n  }\n}).then(response => {\n  //Verifying the status code\n  expect(response.status).to.eq(200);\n  cy.wait(5000);\n});",
              "err": {},
              "uuid": "e421abe6-6848-4d5d-bda3-df879ac8851d",
              "parentUUID": "32b7fb00-e427-40e4-a98a-e0126777d9b6",
              "isHook": false,
              "skipped": false
            },
            {
              "title": "Assert  whether the pet updated or not in the API databace.  ",
              "fullTitle": "Sadagopan First Question Cypress API Test For Adidas Assesment-POST API call For update  Assert  whether the pet updated or not in the API databace.  ",
              "timedOut": null,
              "duration": 886,
              "state": "passed",
              "speed": "fast",
              "pass": true,
              "fail": false,
              "pending": false,
              "context": null,
              "code": "//verify the availble pets status from the response\ncy.request({\n  method: 'GET',\n  url: postURLcontry + '/v2/pet/' + _apiTestdata.default.id_post,\n  form: true\n}).then(response => {\n  //Verifying the status code\n  expect(response.status).to.eq(200);\n  cy.writeFile('cypress/fixtures/responseUpdate.json', JSON.stringify(response.body));\n  expect(JSON.stringify(response.body)).contains(_apiTestdata.default.id_post);\n  expect(JSON.stringify(response.body)).contains(_apiTestdata.default.petname_update_post);\n  expect(JSON.stringify(response.body)).contains(_apiTestdata.default.pet_status_update_post);\n});",
              "err": {},
              "uuid": "d4eccb5f-4fa2-46c9-89ec-973f8041fc4d",
              "parentUUID": "32b7fb00-e427-40e4-a98a-e0126777d9b6",
              "isHook": false,
              "skipped": false
            }
          ],
          "suites": [],
          "passes": [
            "e421abe6-6848-4d5d-bda3-df879ac8851d",
            "d4eccb5f-4fa2-46c9-89ec-973f8041fc4d"
          ],
          "failures": [],
          "pending": [],
          "skipped": [],
          "duration": 6759,
          "root": false,
          "rootEmpty": false,
          "_timeout": 2000
        },
        {
          "uuid": "500a51b5-e9bd-4edf-a85b-7ee73e87ee2d",
          "title": "Sadagopan First Question Cypress API Test For Adidas Assesment-Delete  API call ",
          "fullFile": "",
          "file": "",
          "beforeHooks": [],
          "afterHooks": [],
          "tests": [
            {
              "title": "Delete this pet. Assert deletion",
              "fullTitle": "Sadagopan First Question Cypress API Test For Adidas Assesment-Delete  API call  Delete this pet. Assert deletion",
              "timedOut": null,
              "duration": 5526,
              "state": "passed",
              "speed": "medium",
              "pass": true,
              "fail": false,
              "pending": false,
              "context": null,
              "code": "//The request missed important two input param in body one is brand and other one is locale.\ncy.request({\n  method: 'DELETE',\n  url: postURLcontry + '/v2/pet/' + _apiTestdata.default.id_post\n}).then(response => {\n  //Verifying the status code\n  expect(response.status).to.eq(200);\n  cy.wait(5000);\n});",
              "err": {},
              "uuid": "d8a52005-7242-4419-98ee-2f105549024d",
              "parentUUID": "500a51b5-e9bd-4edf-a85b-7ee73e87ee2d",
              "isHook": false,
              "skipped": false
            },
            {
              "title": "Assert  whether the pet Deleted or not in the API databace.  ",
              "fullTitle": "Sadagopan First Question Cypress API Test For Adidas Assesment-Delete  API call  Assert  whether the pet Deleted or not in the API databace.  ",
              "timedOut": null,
              "duration": 1128,
              "state": "passed",
              "speed": "fast",
              "pass": true,
              "fail": false,
              "pending": false,
              "context": null,
              "code": "//verify the availble pets status from the response\ncy.request({\n  method: 'GET',\n  url: postURLcontry + '/v2/pet/' + _apiTestdata.default.id_post,\n  form: true,\n  failOnStatusCode: false\n}).then(response => {\n  //Verifying the status code\n  expect(response.status).to.eq(404);\n  cy.writeFile('cypress/fixtures/responseDelete.json', JSON.stringify(response.body));\n  expect(JSON.stringify(response.body)).contains('Pet not found');\n  cy.log(JSON.stringify(response.body));\n});",
              "err": {},
              "uuid": "7eb71f89-c6cf-4046-a036-3f0336902937",
              "parentUUID": "500a51b5-e9bd-4edf-a85b-7ee73e87ee2d",
              "isHook": false,
              "skipped": false
            }
          ],
          "suites": [],
          "passes": [
            "d8a52005-7242-4419-98ee-2f105549024d",
            "7eb71f89-c6cf-4046-a036-3f0336902937"
          ],
          "failures": [],
          "pending": [],
          "skipped": [],
          "duration": 6654,
          "root": false,
          "rootEmpty": false,
          "_timeout": 2000
        },
        {
          "uuid": "3df35b00-0413-4e99-aace-67346535a0f8",
          "title": "Sadagopan Second Question Cypress Front END UI validation Test For Adidas Assesment ",
          "fullFile": "",
          "file": "",
          "beforeHooks": [],
          "afterHooks": [],
          "tests": [
            {
              "title": "Launch the URL and Customer navigation through product categories: Phones, Laptops and Monitors ",
              "fullTitle": "Sadagopan Second Question Cypress Front END UI validation Test For Adidas Assesment  Launch the URL and Customer navigation through product categories: Phones, Laptops and Monitors ",
              "timedOut": null,
              "duration": 5757,
              "state": "passed",
              "speed": "medium",
              "pass": true,
              "fail": false,
              "pending": false,
              "context": null,
              "code": "cy.visit(_frontendData.default.url_frontend);",
              "err": {},
              "uuid": "499641b2-6e52-48e4-a1e4-131221516d49",
              "parentUUID": "3df35b00-0413-4e99-aace-67346535a0f8",
              "isHook": false,
              "skipped": false
            },
            {
              "title": "Navigate to Laptop and then select \"Sony vaio i5\" and click on \"Add to cart\". Accept pop up confirmation. ",
              "fullTitle": "Sadagopan Second Question Cypress Front END UI validation Test For Adidas Assesment  Navigate to Laptop and then select \"Sony vaio i5\" and click on \"Add to cart\". Accept pop up confirmation. ",
              "timedOut": null,
              "duration": 12837,
              "state": "passed",
              "speed": "slow",
              "pass": true,
              "fail": false,
              "pending": false,
              "context": null,
              "code": "_AdidasUIPage.default.navigateToLaptop_click().click();\ncy.wait(3000);\n_AdidasUIPage.default.sonyvaioI5_click().click();\ncy.wait(3000);\n_AdidasUIPage.default.addToCart_click().click();",
              "err": {},
              "uuid": "d790cbcc-908f-41fc-a31f-7830f27a2e95",
              "parentUUID": "3df35b00-0413-4e99-aace-67346535a0f8",
              "isHook": false,
              "skipped": false
            },
            {
              "title": "Navigate to Laptop  and then select \"Dell i7 8gb\" and click on \"Add to cart\". Accept pop up confirmation. ",
              "fullTitle": "Sadagopan Second Question Cypress Front END UI validation Test For Adidas Assesment  Navigate to Laptop  and then select \"Dell i7 8gb\" and click on \"Add to cart\". Accept pop up confirmation. ",
              "timedOut": null,
              "duration": 20231,
              "state": "passed",
              "speed": "slow",
              "pass": true,
              "fail": false,
              "pending": false,
              "context": null,
              "code": "_AdidasUIPage.default.navigateToHome_click().click();\ncy.wait(3000);\n_AdidasUIPage.default.navigateToLaptop_click().click();\ncy.wait(3000);\n_AdidasUIPage.default.dellI7_click().click();\ncy.wait(5000);\n_AdidasUIPage.default.addToCart_click().click();",
              "err": {},
              "uuid": "ee4a66ca-45bf-450f-b6bb-c883630a2d9a",
              "parentUUID": "3df35b00-0413-4e99-aace-67346535a0f8",
              "isHook": false,
              "skipped": false
            },
            {
              "title": "Navigate to Cart and then Delete \"Dell i7 8gb\" from cart. ",
              "fullTitle": "Sadagopan Second Question Cypress Front END UI validation Test For Adidas Assesment  Navigate to Cart and then Delete \"Dell i7 8gb\" from cart. ",
              "timedOut": null,
              "duration": 20287,
              "state": "passed",
              "speed": "slow",
              "pass": true,
              "fail": false,
              "pending": false,
              "context": null,
              "code": "cy.wait(3000);\n_AdidasUIPage.default.navigateToCart_click().click();\ncy.wait(3000);\n_AdidasUIPage.default.deleteDell_click().click();\ncy.wait(4000);",
              "err": {},
              "uuid": "ca84eb7f-cb7c-4342-b013-d7b10019ea9b",
              "parentUUID": "3df35b00-0413-4e99-aace-67346535a0f8",
              "isHook": false,
              "skipped": false
            },
            {
              "title": "Click on Place order button. ",
              "fullTitle": "Sadagopan Second Question Cypress Front END UI validation Test For Adidas Assesment  Click on Place order button. ",
              "timedOut": null,
              "duration": 7681,
              "state": "passed",
              "speed": "medium",
              "pass": true,
              "fail": false,
              "pending": false,
              "context": null,
              "code": "_AdidasUIPage.default.placeOrder().click();\ncy.wait(4000);",
              "err": {},
              "uuid": "53ad17cf-6449-4442-96cf-010cc29dfd28",
              "parentUUID": "3df35b00-0413-4e99-aace-67346535a0f8",
              "isHook": false,
              "skipped": false
            },
            {
              "title": "Fill the form for Purchasse the product. ",
              "fullTitle": "Sadagopan Second Question Cypress Front END UI validation Test For Adidas Assesment  Fill the form for Purchasse the product. ",
              "timedOut": null,
              "duration": 17697,
              "state": "passed",
              "speed": "slow",
              "pass": true,
              "fail": false,
              "pending": false,
              "context": null,
              "code": "_AdidasUIPage.default.formName().type(_frontendData.default.fornname);\ncy.wait(3000);\n_AdidasUIPage.default.formCountry().type(_frontendData.default.formcountry);\n_AdidasUIPage.default.formCity().type(_frontendData.default.Formcity);\n_AdidasUIPage.default.formCard().type(_frontendData.default.formcardNumber);\n_AdidasUIPage.default.formMonth().type(_frontendData.default.formmonth);\n_AdidasUIPage.default.formYear().type(_frontendData.default.formyear);\ncy.wait(3000);\ncy.get('#totalm').then(function ($elem) {\n  totalamount = $elem.text();\n  cy.log(totalamount);\n  updatedAmountPurchase = totalamount.substring(5);\n});",
              "err": {},
              "uuid": "bc9be3a4-0d16-4140-971c-6c585b9b03ce",
              "parentUUID": "3df35b00-0413-4e99-aace-67346535a0f8",
              "isHook": false,
              "skipped": false
            },
            {
              "title": "confirm the Purchase. ",
              "fullTitle": "Sadagopan Second Question Cypress Front END UI validation Test For Adidas Assesment  confirm the Purchase. ",
              "timedOut": null,
              "duration": 1504,
              "state": "passed",
              "speed": "fast",
              "pass": true,
              "fail": false,
              "pending": false,
              "context": null,
              "code": "_AdidasUIPage.default.btnConfirmPurchase().click();",
              "err": {},
              "uuid": "0f2d1b78-b3f6-4819-a216-9a56b9f5ff7d",
              "parentUUID": "3df35b00-0413-4e99-aace-67346535a0f8",
              "isHook": false,
              "skipped": false
            },
            {
              "title": "Verify the sucess message after Purchase ",
              "fullTitle": "Sadagopan Second Question Cypress Front END UI validation Test For Adidas Assesment  Verify the sucess message after Purchase ",
              "timedOut": null,
              "duration": 702,
              "state": "passed",
              "speed": "fast",
              "pass": true,
              "fail": false,
              "pending": false,
              "context": null,
              "code": "_AdidasUIPage.default.purchaseSucessMessgae().should('have.text', 'Thank you for your purchase!');",
              "err": {},
              "uuid": "3230a61e-de23-484c-8785-3a0f8a2b5fac",
              "parentUUID": "3df35b00-0413-4e99-aace-67346535a0f8",
              "isHook": false,
              "skipped": false
            },
            {
              "title": "Assert purchase amount equals expected ",
              "fullTitle": "Sadagopan Second Question Cypress Front END UI validation Test For Adidas Assesment  Assert purchase amount equals expected ",
              "timedOut": null,
              "duration": 432,
              "state": "passed",
              "speed": "fast",
              "pass": true,
              "fail": false,
              "pending": false,
              "context": null,
              "code": "_AdidasUIPage.default.purchaseSucessdataVerification().contains(_frontendData.default.fornname);\n_AdidasUIPage.default.purchaseSucessdataVerification().contains(_frontendData.default.formcardNumber);\n_AdidasUIPage.default.purchaseSucessdataVerification().contains(updatedAmountPurchase);",
              "err": {},
              "uuid": "be98a5b0-090a-477d-a1b5-4357d19732c3",
              "parentUUID": "3df35b00-0413-4e99-aace-67346535a0f8",
              "isHook": false,
              "skipped": false
            },
            {
              "title": "capturing the final screenshot after purchase and click Ok button from the Purchasse confirmation popup ",
              "fullTitle": "Sadagopan Second Question Cypress Front END UI validation Test For Adidas Assesment  capturing the final screenshot after purchase and click Ok button from the Purchasse confirmation popup ",
              "timedOut": null,
              "duration": 9797,
              "state": "passed",
              "speed": "medium",
              "pass": true,
              "fail": false,
              "pending": false,
              "context": "{\n  \"title\": \"cypress-mochawesome-reporter-screenshots\",\n  \"value\": [\n    [\n      {\n        \"title\": \"Screenshot\",\n        \"value\": \"\\\\adidas_Auto_excersise.cy.js\\\\Sadagopan Second Question Cypress Front END UI validation Test For Adidas Assesment -- capturing the final screenshot after purchase and click Ok button from the Purchasse confirmation popup.png\"\n      }\n    ]\n  ]\n}",
              "code": "cy.screenshot();\n_AdidasUIPage.default.purchaseSucessOkbtn().click();",
              "err": {},
              "uuid": "0865709f-5a5f-4585-ad2e-0ae9f1f9bfe2",
              "parentUUID": "3df35b00-0413-4e99-aace-67346535a0f8",
              "isHook": false,
              "skipped": false
            }
          ],
          "suites": [],
          "passes": [
            "499641b2-6e52-48e4-a1e4-131221516d49",
            "d790cbcc-908f-41fc-a31f-7830f27a2e95",
            "ee4a66ca-45bf-450f-b6bb-c883630a2d9a",
            "ca84eb7f-cb7c-4342-b013-d7b10019ea9b",
            "53ad17cf-6449-4442-96cf-010cc29dfd28",
            "bc9be3a4-0d16-4140-971c-6c585b9b03ce",
            "0f2d1b78-b3f6-4819-a216-9a56b9f5ff7d",
            "3230a61e-de23-484c-8785-3a0f8a2b5fac",
            "be98a5b0-090a-477d-a1b5-4357d19732c3",
            "0865709f-5a5f-4585-ad2e-0ae9f1f9bfe2"
          ],
          "failures": [],
          "pending": [],
          "skipped": [],
          "duration": 96925,
          "root": false,
          "rootEmpty": false,
          "_timeout": 2000
        }
      ],
      "passes": [],
      "failures": [],
      "pending": [],
      "skipped": [],
      "duration": 0,
      "root": true,
      "rootEmpty": true,
      "_timeout": 2000
    }
  ],
  "meta": {
    "mocha": {
      "version": "7.0.1"
    },
    "mochawesome": {
      "options": {
        "quiet": false,
        "reportFilename": "mochawesome",
        "saveHtml": true,
        "saveJson": true,
        "consoleReporter": "spec",
        "useInlineDiffs": false,
        "code": true
      },
      "version": "7.1.3"
    },
    "marge": {
      "options": null,
      "version": "6.2.0"
    }
  }
}